java.io.IOException: Cannot run program "/usr/lib/jvm/java-17-openjdk-amd64/bin/java" (in directory "/home/amiroof/Projects/Advet of code/day_11"): error=2, No such file or directory
  java.base/java.lang.ProcessBuilder.start(ProcessBuilder.java:1143)
  java.base/java.lang.ProcessBuilder.start(ProcessBuilder.java:1073)
  os.proc.proc$lzycompute$1(ProcessOps.scala:128)
  os.proc.proc$1(ProcessOps.scala:122)
  os.proc.spawn(ProcessOps.scala:135)
  os.proc.call(ProcessOps.scala:76)
  scala.build.internal.OsLibc$.javaVersion(OsLibc.scala:88)
  scala.build.options.BuildOptions$JavaHomeInfo$.apply(BuildOptions.scala:579)
  scala.build.options.BuildOptions.javaCommand0$lzyINIT1$$anonfun$1(BuildOptions.scala:230)
  scala.build.Positioned.map(Positioned.scala:15)
  scala.build.options.BuildOptions.javaCommand0$lzyINIT1(BuildOptions.scala:230)
  scala.build.options.BuildOptions.javaCommand0(BuildOptions.scala:230)
  scala.build.options.BuildOptions.javaHome(BuildOptions.scala:242)
  scala.build.Build$.javaHome$lzyINIT1$1(Build.scala:757)
  scala.build.Build$.javaHome$1(Build.scala:757)
  scala.build.Build$.releaseFlag(Build.scala:776)
  scala.build.Build$.buildProject$$anonfun$1(Build.scala:820)
  scala.build.EitherCps$Helper.apply(EitherCps.scala:19)
  scala.build.Build$.buildProject(Build.scala:964)
  scala.build.Build$.prepareBuild$$anonfun$1(Build.scala:1015)
  scala.build.EitherCps$Helper.apply(EitherCps.scala:19)
  scala.build.Build$.prepareBuild(Build.scala:1034)
  scala.build.bsp.BspImpl.prepareBuild$$anonfun$1(BspImpl.scala:160)
  scala.build.EitherCps$Helper.apply(EitherCps.scala:19)
  scala.build.bsp.BspImpl.prepareBuild(BspImpl.scala:212)
  scala.build.bsp.BspImpl.run(BspImpl.scala:513)
  scala.cli.commands.bsp.Bsp$.runCommand$$anonfun$1(Bsp.scala:96)
  scala.runtime.function.JProcedure1.apply(JProcedure1.java:15)
  scala.runtime.function.JProcedure1.apply(JProcedure1.java:10)
  scala.build.bsp.BspThreads$.withThreads(BspThreads.scala:23)
  scala.cli.commands.bsp.Bsp$.runCommand(Bsp.scala:99)
  scala.cli.commands.bsp.Bsp$.runCommand(Bsp.scala:35)
  scala.cli.commands.ScalaCommand.run(ScalaCommand.scala:364)
  scala.cli.commands.ScalaCommand.run(ScalaCommand.scala:348)
  caseapp.core.app.CaseApp.main(CaseApp.scala:150)
  scala.cli.commands.ScalaCommand.main(ScalaCommand.scala:333)
  caseapp.core.app.CommandsEntryPoint.main(CommandsEntryPoint.scala:120)
  scala.cli.ScalaCliCommands.main(ScalaCliCommands.scala:125)
  scala.cli.ScalaCli$.main0(ScalaCli.scala:245)
  scala.cli.ScalaCli$.main(ScalaCli.scala:108)
  scala.cli.ScalaCli.main(ScalaCli.scala)
java.io.IOException: error=2, No such file or directory
  java.base/java.lang.ProcessImpl.forkAndExec(Native Method)
  java.base/java.lang.ProcessImpl.<init>(ProcessImpl.java:314)
  java.base/java.lang.ProcessImpl.start(ProcessImpl.java:244)
  java.base/java.lang.ProcessBuilder.start(ProcessBuilder.java:1110)
  java.base/java.lang.ProcessBuilder.start(ProcessBuilder.java:1073)
  os.proc.proc$lzycompute$1(ProcessOps.scala:128)
  os.proc.proc$1(ProcessOps.scala:122)
  os.proc.spawn(ProcessOps.scala:135)
  os.proc.call(ProcessOps.scala:76)
  scala.build.internal.OsLibc$.javaVersion(OsLibc.scala:88)
  scala.build.options.BuildOptions$JavaHomeInfo$.apply(BuildOptions.scala:579)
  scala.build.options.BuildOptions.javaCommand0$lzyINIT1$$anonfun$1(BuildOptions.scala:230)
  scala.build.Positioned.map(Positioned.scala:15)
  scala.build.options.BuildOptions.javaCommand0$lzyINIT1(BuildOptions.scala:230)
  scala.build.options.BuildOptions.javaCommand0(BuildOptions.scala:230)
  scala.build.options.BuildOptions.javaHome(BuildOptions.scala:242)
  scala.build.Build$.javaHome$lzyINIT1$1(Build.scala:757)
  scala.build.Build$.javaHome$1(Build.scala:757)
  scala.build.Build$.releaseFlag(Build.scala:776)
  scala.build.Build$.buildProject$$anonfun$1(Build.scala:820)
  scala.build.EitherCps$Helper.apply(EitherCps.scala:19)
  scala.build.Build$.buildProject(Build.scala:964)
  scala.build.Build$.prepareBuild$$anonfun$1(Build.scala:1015)
  scala.build.EitherCps$Helper.apply(EitherCps.scala:19)
  scala.build.Build$.prepareBuild(Build.scala:1034)
  scala.build.bsp.BspImpl.prepareBuild$$anonfun$1(BspImpl.scala:160)
  scala.build.EitherCps$Helper.apply(EitherCps.scala:19)
  scala.build.bsp.BspImpl.prepareBuild(BspImpl.scala:212)
  scala.build.bsp.BspImpl.run(BspImpl.scala:513)
  scala.cli.commands.bsp.Bsp$.runCommand$$anonfun$1(Bsp.scala:96)
  scala.runtime.function.JProcedure1.apply(JProcedure1.java:15)
  scala.runtime.function.JProcedure1.apply(JProcedure1.java:10)
  scala.build.bsp.BspThreads$.withThreads(BspThreads.scala:23)
  scala.cli.commands.bsp.Bsp$.runCommand(Bsp.scala:99)
  scala.cli.commands.bsp.Bsp$.runCommand(Bsp.scala:35)
  scala.cli.commands.ScalaCommand.run(ScalaCommand.scala:364)
  scala.cli.commands.ScalaCommand.run(ScalaCommand.scala:348)
  caseapp.core.app.CaseApp.main(CaseApp.scala:150)
  scala.cli.commands.ScalaCommand.main(ScalaCommand.scala:333)
  caseapp.core.app.CommandsEntryPoint.main(CommandsEntryPoint.scala:120)
  scala.cli.ScalaCliCommands.main(ScalaCliCommands.scala:125)
  scala.cli.ScalaCli$.main0(ScalaCli.scala:245)
  scala.cli.ScalaCli$.main(ScalaCli.scala:108)
  scala.cli.ScalaCli.main(ScalaCli.scala)
